2025-02-07 02:04:55,475 - INFO - PATH to CSV-file: C:\Users\Tikhon\Documents\PycharmProjects\PDA120_practice2\notebooks\dataset\RK_554B_data.csv
2025-02-07 02:06:31,493 - INFO - PATH to CSV-file: C:\Users\Tikhon\Documents\PycharmProjects\PDA120_practice2\notebooks\dataset\RK_554B_data.csv
2025-02-07 02:15:34,383 - INFO - PATH to CSV-file: C:\Users\Tikhon\Documents\PycharmProjects\PDA120_practice2\notebooks\dataset\RK_554B_data.csv
2025-02-07 02:15:41,314 - INFO - PATH to CSV-file: C:\Users\Tikhon\Documents\PycharmProjects\PDA120_practice2\notebooks\dataset\RK_554B_data.csv
2025-02-07 02:18:48,310 - INFO - PATH to CSV-file: C:\Users\Tikhon\Documents\PycharmProjects\PDA120_practice2\notebooks\dataset\RK_554B_data.csv
2025-02-07 02:19:49,419 - INFO - PATH to CSV-file: C:\Users\Tikhon\Documents\PycharmProjects\PDA120_practice2\notebooks\dataset\RK_554B_data.csv
2025-02-07 02:19:52,311 - INFO - PATH to CSV-file: C:\Users\Tikhon\Documents\PycharmProjects\PDA120_practice2\notebooks\dataset\RK_554B_data.csv
2025-02-07 02:21:25,850 - INFO - PATH to CSV-file: C:\Users\Tikhon\Documents\PycharmProjects\PDA120_practice2\notebooks\dataset\RK_554B_data.csv
2025-02-07 02:27:05,686 - INFO - PATH to CSV-file: C:\Users\Tikhon\Documents\PycharmProjects\PDA120_practice2\notebooks\dataset\RK_554B_data.csv
2025-02-07 02:32:07,981 - INFO - PATH to CSV-file: C:\Users\Tikhon\Documents\PycharmProjects\PDA120_practice2\notebooks\dataset\RK_554B_data.csv
2025-02-07 02:32:38,176 - INFO - PATH to CSV-file: C:\Users\Tikhon\Documents\PycharmProjects\PDA120_practice2\notebooks\dataset\RK_554B_data.csv
2025-02-07 02:33:06,118 - INFO - PATH to CSV-file: C:\Users\Tikhon\Documents\PycharmProjects\PDA120_practice2\notebooks\dataset\RK_554B_data.csv
2025-02-07 02:34:07,647 - INFO - PATH to CSV-file: C:\Users\Tikhon\Documents\PycharmProjects\PDA120_practice2\notebooks\dataset\RK_554B_data.csv
2025-02-07 02:50:27,964 - INFO - PATH to CSV-file: C:\Users\Tikhon\Documents\PycharmProjects\PDA120_practice2\notebooks\dataset\RK_554B_data.csv
2025-02-07 03:18:08,132 - INFO - PATH to CSV-file: C:\Users\Tikhon\Documents\PycharmProjects\PDA120_practice2\notebooks\dataset\RK_554B_data.csv
2025-02-07 03:23:40,707 - INFO - PATH to CSV-file: C:\Users\Tikhon\Documents\PycharmProjects\PDA120_practice2\notebooks\dataset\RK_554B_data.csv
2025-02-07 03:26:03,395 - INFO - PATH to CSV-file: C:\Users\Tikhon\Documents\PycharmProjects\PDA120_practice2\notebooks\dataset\RK_554B_data.csv
2025-02-07 03:26:59,326 - INFO - PATH to CSV-file: C:\Users\Tikhon\Documents\PycharmProjects\PDA120_practice2\notebooks\dataset\RK_554B_data.csv
2025-02-07 03:31:46,640 - INFO - PATH to CSV-file: C:\Users\Tikhon\Documents\PycharmProjects\PDA120_practice2\notebooks\dataset\RK_554B_data.csv
2025-02-07 03:37:48,734 - INFO - PATH to CSV-file: C:\Users\Tikhon\Documents\PycharmProjects\PDA120_practice2\notebooks\dataset\RK_554B_data.csv
2025-02-07 03:45:09,150 - INFO - PATH to CSV-file: C:\Users\Tikhon\Documents\PycharmProjects\PDA120_practice2\notebooks\dataset\RK_554B_data.csv
2025-02-07 13:00:38,621 - INFO - PATH to CSV-file: C:\Users\Tikhon\Documents\PycharmProjects\PDA120_practice2\notebooks\dataset\RK_554B_data.csv
2025-02-07 13:05:01,700 - INFO - PATH to CSV-file: C:\Users\Tikhon\Documents\PycharmProjects\PDA120_practice2\notebooks\dataset\RK_554B_data.csv
2025-02-07 13:06:28,064 - INFO - PATH to CSV-file: C:\Users\Tikhon\Documents\PycharmProjects\PDA120_practice2\notebooks\dataset\RK_554B_data.csv
2025-02-07 13:07:14,168 - INFO - PATH to CSV-file: C:\Users\Tikhon\Documents\PycharmProjects\PDA120_practice2\notebooks\dataset\RK_554B_data.csv
2025-02-07 13:18:10,964 - INFO - PATH to CSV-file: C:\Users\Tikhon\Documents\PycharmProjects\PDA120_practice2\notebooks\dataset\RK_554B_data.csv
2025-02-07 13:19:32,432 - INFO - PATH to CSV-file: C:\Users\Tikhon\Documents\PycharmProjects\PDA120_practice2\notebooks\dataset\RK_554B_data.csv
2025-02-07 13:25:12,728 - INFO - PATH to CSV-file: C:\Users\Tikhon\Documents\PycharmProjects\PDA120_practice2\notebooks\dataset\RK_554B_data.csv
2025-02-07 13:42:27,054 - INFO - PATH to CSV-file: C:\Users\Tikhon\Documents\PycharmProjects\PDA120_practice2\notebooks\dataset\RK_554B_data.csv
2025-02-07 13:54:29,806 - INFO - PATH to CSV-file: C:\Users\Tikhon\Documents\PycharmProjects\PDA120_practice2\notebooks\dataset\RK_554B_data.csv
2025-02-07 13:55:25,257 - INFO - PATH to CSV-file: C:\Users\Tikhon\Documents\PycharmProjects\PDA120_practice2\notebooks\dataset\RK_554B_data.csv
2025-02-07 13:56:15,653 - INFO - PATH to CSV-file: C:\Users\Tikhon\Documents\PycharmProjects\PDA120_practice2\notebooks\dataset\RK_554B_data.csv
2025-02-07 14:04:18,223 - INFO - PATH to CSV-file: C:\Users\Tikhon\Documents\PycharmProjects\PDA120_practice2\notebooks\dataset\RK_554B_data.csv
2025-02-07 22:58:05,696 - INFO - PATH to CSV-file: C:\Users\Tikhon\Documents\PycharmProjects\PDA120_practice2\notebooks\dataset\RK_554B_data.csv
2025-02-07 22:58:26,518 - INFO - PATH to CSV-file: C:\Users\Tikhon\Documents\PycharmProjects\PDA120_practice2\notebooks\dataset\RK_554B_data.csv
2025-02-07 22:58:51,218 - INFO - PATH to CSV-file: C:\Users\Tikhon\Documents\PycharmProjects\PDA120_practice2\notebooks\dataset\RK_554B_data.csv
2025-02-07 22:59:07,209 - INFO - PATH to CSV-file: C:\Users\Tikhon\Documents\PycharmProjects\PDA120_practice2\notebooks\dataset\RK_554B_data.csv
2025-02-07 22:59:44,135 - INFO - PATH to CSV-file: C:\Users\Tikhon\Documents\PycharmProjects\PDA120_practice2\notebooks\dataset\RK_554B_data.csv
2025-02-07 23:00:39,463 - INFO - PATH to CSV-file: C:\Users\Tikhon\Documents\PycharmProjects\PDA120_practice2\notebooks\dataset\RK_554B_data.csv
2025-02-11 19:51:14,639 - WARNING - g++ not available, if using conda: `conda install m2w64-toolchain`
2025-02-11 19:51:14,640 - WARNING - g++ not detected ! Theano will be unable to execute optimized C-implementations (for both CPU and GPU) and will default to Python implementations. Performance will be severely degraded. To remove this warning, set Theano flags cxx to an empty string.
2025-02-11 19:51:14,832 - WARNING - Using NumPy C-API based implementation for BLAS functions.
2025-02-11 19:53:02,202 - WARNING - g++ not available, if using conda: `conda install m2w64-toolchain`
2025-02-11 19:53:02,202 - WARNING - g++ not detected ! Theano will be unable to execute optimized C-implementations (for both CPU and GPU) and will default to Python implementations. Performance will be severely degraded. To remove this warning, set Theano flags cxx to an empty string.
2025-02-11 19:53:02,458 - WARNING - Using NumPy C-API based implementation for BLAS functions.
2025-02-11 19:57:36,844 - WARNING - g++ not available, if using conda: `conda install m2w64-toolchain`
2025-02-11 19:57:36,844 - WARNING - g++ not detected!  PyTensor will be unable to compile C-implementations and will default to Python. Performance may be severely degraded. To remove this warning, set PyTensor flags cxx to an empty string.
2025-02-11 20:05:02,957 - WARNING - g++ not available, if using conda: `conda install m2w64-toolchain`
2025-02-11 20:05:02,957 - WARNING - g++ not detected!  PyTensor will be unable to compile C-implementations and will default to Python. Performance may be severely degraded. To remove this warning, set PyTensor flags cxx to an empty string.
2025-02-11 20:10:19,445 - INFO - Initializing NUTS using jitter+adapt_diag...
2025-02-11 20:10:25,754 - INFO - Multiprocess sampling (4 chains in 4 jobs)
2025-02-11 20:10:25,755 - INFO - NUTS: [alpha, beta, sigma]
2025-02-11 20:14:21,527 - INFO - Initializing NUTS using jitter+adapt_diag...
2025-02-11 20:14:27,801 - INFO - Multiprocess sampling (4 chains in 4 jobs)
2025-02-11 20:14:27,802 - INFO - NUTS: [alpha, beta, sigma]
2025-02-11 20:34:48,949 - WARNING - g++ not available, if using conda: `conda install m2w64-toolchain`
2025-02-11 20:34:48,949 - WARNING - g++ not detected ! Theano will be unable to execute optimized C-implementations (for both CPU and GPU) and will default to Python implementations. Performance will be severely degraded. To remove this warning, set Theano flags cxx to an empty string.
2025-02-11 20:36:13,456 - INFO - Initializing NUTS using jitter+adapt_diag...
2025-02-11 20:36:19,943 - INFO - Multiprocess sampling (4 chains in 4 jobs)
2025-02-11 20:36:19,943 - INFO - NUTS: [alpha, beta, sigma]
2025-02-11 20:44:29,942 - INFO - Initializing NUTS using jitter+adapt_diag...
2025-02-11 20:44:36,396 - INFO - Multiprocess sampling (4 chains in 4 jobs)
2025-02-11 20:44:36,396 - INFO - NUTS: [bias, weight, sigma]
2025-02-11 20:56:43,250 - INFO - Initializing NUTS using jitter+adapt_diag...
2025-02-11 20:56:49,632 - INFO - Multiprocess sampling (4 chains in 4 jobs)
2025-02-11 20:56:49,632 - INFO - NUTS: [bias, weight, sigma]
2025-02-11 21:07:42,480 - INFO - Initializing NUTS using jitter+adapt_diag...
2025-02-11 21:07:48,856 - INFO - Multiprocess sampling (4 chains in 4 jobs)
2025-02-11 21:07:48,857 - INFO - NUTS: [bias, weight, sigma]
2025-02-11 21:25:31,545 - INFO - Initializing NUTS using jitter+adapt_diag...
2025-02-11 21:29:34,076 - INFO - Multiprocess sampling (4 chains in 4 jobs)
2025-02-11 21:29:34,076 - INFO - NUTS: [bias, weight, sigma]
2025-02-11 21:38:41,111 - INFO - Initializing NUTS using jitter+adapt_diag...
2025-02-11 21:42:45,753 - INFO - Multiprocess sampling (4 chains in 4 jobs)
2025-02-11 21:42:45,753 - INFO - NUTS: [bias, weight, sigma]
2025-02-11 22:34:13,234 - INFO - Initializing NUTS using jitter+adapt_diag...
2025-02-11 22:38:15,372 - INFO - Multiprocess sampling (4 chains in 4 jobs)
2025-02-11 22:38:15,372 - INFO - NUTS: [bias, weight, sigma]
2025-02-11 23:00:20,600 - WARNING - g++ not available, if using conda: `conda install m2w64-toolchain`
2025-02-11 23:00:20,600 - WARNING - g++ not detected!  PyTensor will be unable to compile C-implementations and will default to Python. Performance may be severely degraded. To remove this warning, set PyTensor flags cxx to an empty string.
2025-02-11 23:00:30,804 - INFO - Initializing NUTS using jitter+adapt_diag...
2025-02-11 23:00:31,808 - INFO - Multiprocess sampling (4 chains in 4 jobs)
2025-02-11 23:00:31,808 - INFO - NUTS: [b, w_1, sigma]
2025-02-11 23:00:53,822 - INFO - Sampling 4 chains for 50 tune and 1_000 draw iterations (200 + 4_000 draws total) took 22 seconds.
2025-02-11 23:04:33,535 - INFO - Initializing NUTS using jitter+adapt_diag...
2025-02-11 23:16:26,373 - WARNING - g++ not available, if using conda: `conda install m2w64-toolchain`
2025-02-11 23:16:26,373 - WARNING - g++ not detected!  PyTensor will be unable to compile C-implementations and will default to Python. Performance may be severely degraded. To remove this warning, set PyTensor flags cxx to an empty string.
2025-02-11 23:18:04,563 - WARNING - g++ not available, if using conda: `conda install m2w64-toolchain`
2025-02-11 23:18:04,563 - WARNING - g++ not detected!  PyTensor will be unable to compile C-implementations and will default to Python. Performance may be severely degraded. To remove this warning, set PyTensor flags cxx to an empty string.
2025-02-11 23:50:38,169 - INFO - Initializing NUTS using jitter+adapt_diag...
2025-02-11 23:54:36,798 - INFO - Multiprocess sampling (4 chains in 4 jobs)
2025-02-11 23:54:36,798 - INFO - NUTS: [bias, weight, sigma]
2025-02-12 15:43:24,218 - WARNING - g++ not available, if using conda: `conda install m2w64-toolchain`
2025-02-12 15:43:24,218 - WARNING - g++ not detected!  PyTensor will be unable to compile C-implementations and will default to Python. Performance may be severely degraded. To remove this warning, set PyTensor flags cxx to an empty string.
2025-02-12 15:52:14,684 - WARNING - g++ not available, if using conda: `conda install m2w64-toolchain`
2025-02-12 15:52:14,684 - WARNING - g++ not detected!  PyTensor will be unable to compile C-implementations and will default to Python. Performance may be severely degraded. To remove this warning, set PyTensor flags cxx to an empty string.
2025-02-12 15:56:55,735 - WARNING - g++ not available, if using conda: `conda install m2w64-toolchain`
2025-02-12 15:56:55,735 - WARNING - g++ not detected!  PyTensor will be unable to compile C-implementations and will default to Python. Performance may be severely degraded. To remove this warning, set PyTensor flags cxx to an empty string.
2025-02-12 15:58:47,441 - WARNING - g++ not available, if using conda: `conda install m2w64-toolchain`
2025-02-12 15:58:47,441 - WARNING - g++ not detected!  PyTensor will be unable to compile C-implementations and will default to Python. Performance may be severely degraded. To remove this warning, set PyTensor flags cxx to an empty string.
2025-02-12 15:59:50,585 - WARNING - g++ not available, if using conda: `conda install m2w64-toolchain`
2025-02-12 15:59:50,585 - WARNING - g++ not detected!  PyTensor will be unable to compile C-implementations and will default to Python. Performance may be severely degraded. To remove this warning, set PyTensor flags cxx to an empty string.
2025-02-12 16:00:47,947 - WARNING - g++ not available, if using conda: `conda install m2w64-toolchain`
2025-02-12 16:00:47,947 - WARNING - g++ not detected!  PyTensor will be unable to compile C-implementations and will default to Python. Performance may be severely degraded. To remove this warning, set PyTensor flags cxx to an empty string.
2025-02-12 16:02:39,854 - WARNING - g++ not available, if using conda: `conda install m2w64-toolchain`
2025-02-12 16:02:39,854 - WARNING - g++ not detected!  PyTensor will be unable to compile C-implementations and will default to Python. Performance may be severely degraded. To remove this warning, set PyTensor flags cxx to an empty string.
2025-02-12 16:04:32,542 - WARNING - g++ not available, if using conda: `conda install m2w64-toolchain`
2025-02-12 16:04:32,542 - WARNING - g++ not detected!  PyTensor will be unable to compile C-implementations and will default to Python. Performance may be severely degraded. To remove this warning, set PyTensor flags cxx to an empty string.
2025-02-12 16:05:05,308 - WARNING - g++ not available, if using conda: `conda install m2w64-toolchain`
2025-02-12 16:05:05,308 - WARNING - g++ not detected!  PyTensor will be unable to compile C-implementations and will default to Python. Performance may be severely degraded. To remove this warning, set PyTensor flags cxx to an empty string.
2025-02-12 16:16:29,562 - INFO - Initializing NUTS using jitter+adapt_diag...
2025-02-12 16:21:43,268 - WARNING - g++ not available, if using conda: `conda install m2w64-toolchain`
2025-02-12 16:21:43,268 - WARNING - g++ not detected!  PyTensor will be unable to compile C-implementations and will default to Python. Performance may be severely degraded. To remove this warning, set PyTensor flags cxx to an empty string.
2025-02-12 16:21:53,317 - INFO - Initializing NUTS using jitter+adapt_diag...
2025-02-12 16:21:54,477 - INFO - Multiprocess sampling (4 chains in 4 jobs)
2025-02-12 16:21:54,477 - INFO - NUTS: [bias, weight, sigma]
2025-02-12 17:27:00,960 - INFO - Initializing NUTS using jitter+adapt_diag...
2025-02-12 17:27:01,530 - INFO - Multiprocess sampling (4 chains in 4 jobs)
2025-02-12 17:27:01,531 - INFO - NUTS: [bias, weight, sigma]
2025-02-13 13:29:17,124 - WARNING - g++ not available, if using conda: `conda install m2w64-toolchain`
2025-02-13 13:29:17,124 - WARNING - g++ not detected!  PyTensor will be unable to compile C-implementations and will default to Python. Performance may be severely degraded. To remove this warning, set PyTensor flags cxx to an empty string.
2025-02-13 13:47:45,738 - WARNING - g++ not available, if using conda: `conda install m2w64-toolchain`
2025-02-13 13:47:45,739 - WARNING - g++ not detected!  PyTensor will be unable to compile C-implementations and will default to Python. Performance may be severely degraded. To remove this warning, set PyTensor flags cxx to an empty string.
2025-02-13 15:13:56,721 - WARNING - g++ not available, if using conda: `conda install m2w64-toolchain`
2025-02-13 15:13:56,721 - WARNING - g++ not detected!  PyTensor will be unable to compile C-implementations and will default to Python. Performance may be severely degraded. To remove this warning, set PyTensor flags cxx to an empty string.
2025-02-13 15:30:26,341 - WARNING - g++ not available, if using conda: `conda install m2w64-toolchain`
2025-02-13 15:30:26,341 - WARNING - g++ not detected!  PyTensor will be unable to compile C-implementations and will default to Python. Performance may be severely degraded. To remove this warning, set PyTensor flags cxx to an empty string.
2025-03-11 17:22:43,742 - INFO - Using categorical units to plot a list of strings that are all parsable as floats or dates. If these strings should be plotted as numbers, cast to the appropriate data type before plotting.
2025-03-11 17:22:43,963 - INFO - Using categorical units to plot a list of strings that are all parsable as floats or dates. If these strings should be plotted as numbers, cast to the appropriate data type before plotting.
2025-03-11 17:22:59,148 - INFO - Using categorical units to plot a list of strings that are all parsable as floats or dates. If these strings should be plotted as numbers, cast to the appropriate data type before plotting.
2025-03-11 17:22:59,216 - INFO - Using categorical units to plot a list of strings that are all parsable as floats or dates. If these strings should be plotted as numbers, cast to the appropriate data type before plotting.
